TN:
SF:createUsers\handler.js
FN:6,(anonymous_0)
FN:11,(anonymous_1)
FNF:2
FNH:0
FNDA:0,(anonymous_0)
FNDA:0,(anonymous_1)
DA:1,1
DA:2,1
DA:3,1
DA:6,1
DA:11,1
DA:12,0
DA:13,0
DA:16,0
DA:18,0
DA:19,0
DA:22,0
DA:24,0
DA:34,0
DA:35,0
DA:36,0
DA:38,0
DA:45,1
LF:17
LH:6
BRDA:12,0,0,0
BRDA:12,0,1,0
BRDA:18,1,0,0
BRDA:18,1,1,0
BRDA:18,2,0,0
BRDA:18,2,1,0
BRF:6
BRH:0
end_of_record
TN:
SF:deleteUser\handler.js
FN:5,(anonymous_0)
FN:10,(anonymous_1)
FNF:2
FNH:2
FNDA:3,(anonymous_0)
FNDA:3,(anonymous_1)
DA:1,1
DA:2,1
DA:5,3
DA:10,1
DA:11,3
DA:12,1
DA:15,2
DA:22,2
DA:23,2
DA:24,1
DA:26,1
DA:33,1
LF:12
LH:12
BRDA:11,0,0,1
BRDA:11,0,1,2
BRF:2
BRH:2
end_of_record
TN:
SF:getUsers\handler.js
FN:4,(anonymous_0)
FN:9,(anonymous_1)
FNF:2
FNH:2
FNDA:5,(anonymous_0)
FNDA:5,(anonymous_1)
DA:1,1
DA:2,1
DA:4,5
DA:9,1
DA:11,5
DA:14,5
DA:15,1
DA:18,4
DA:23,4
DA:24,4
DA:27,2
DA:31,2
DA:32,2
DA:39,1
LF:14
LH:14
BRDA:14,0,0,1
BRDA:14,0,1,4
BRDA:27,1,0,1
BRDA:27,1,1,1
BRF:4
BRH:4
end_of_record
TN:
SF:updateUser\handler.js
FN:5,(anonymous_0)
FN:10,(anonymous_1)
FNF:2
FNH:2
FNDA:4,(anonymous_0)
FNDA:4,(anonymous_1)
DA:1,1
DA:2,1
DA:5,4
DA:10,1
DA:11,4
DA:12,1
DA:15,3
DA:17,3
DA:18,1
DA:21,2
DA:37,2
DA:38,2
DA:39,1
DA:41,1
DA:48,1
LF:15
LH:15
BRDA:11,0,0,1
BRDA:11,0,1,3
BRDA:17,1,0,1
BRDA:17,1,1,2
BRDA:17,2,0,3
BRDA:17,2,1,2
BRF:6
BRH:6
end_of_record
